# JRE version: Java(TM) SE Runtime Environment (8.0_144-b01) (build 1.8.0_144-b01)
# Java VM: Java HotSpot(TM) 64-Bit Server VM (25.144-b01 mixed mode windows-amd64 compressed oops)
Heap:
 PSYoungGen      total 38400K, used 4765K [0x00000000d5b00000, 0x00000000da600000, 0x0000000100000000)
  eden space 33280K, 14% used [0x00000000d5b00000,0x00000000d5fa76d0,0x00000000d7b80000)
  from space 5120K, 0% used [0x00000000d7b80000,0x00000000d7b80000,0x00000000d8080000)
  to   space 5120K, 0% used [0x00000000da100000,0x00000000da100000,0x00000000da600000)
 ParOldGen       total 41472K, used 3954K [0x0000000081000000, 0x0000000083880000, 0x00000000d5b00000)
  object space 41472K, 9% used [0x0000000081000000,0x00000000813dcbb0,0x0000000083880000)
 Metaspace       used 21107K, capacity 21396K, committed 21552K, reserved 1069056K
  class space    used 2494K, capacity 2599K, committed 2608K, reserved 1048576K
GC Heap History (8 events):
Event: 12.449 GC heap before
{Heap before GC invocations=1 (full 0):
 PSYoungGen      total 38400K, used 33280K [0x00000000d5b00000, 0x00000000d8580000, 0x0000000100000000)
  eden space 33280K, 100% used [0x00000000d5b00000,0x00000000d7b80000,0x00000000d7b80000)
  from space 5120K, 0% used [0x00000000d8080000,0x00000000d8080000,0x00000000d8580000)
  to   space 5120K, 0% used [0x00000000d7b80000,0x00000000d7b80000,0x00000000d8080000)
 ParOldGen       total 87552K, used 0K [0x0000000081000000, 0x0000000086580000, 0x00000000d5b00000)
  object space 87552K, 0% used [0x0000000081000000,0x0000000081000000,0x0000000086580000)
 Metaspace       used 18920K, capacity 19182K, committed 19328K, reserved 1067008K
  class space    used 2291K, capacity 2374K, committed 2432K, reserved 1048576K
Event: 12.454 GC heap after
Heap after GC invocations=1 (full 0):
 PSYoungGen      total 38400K, used 5104K [0x00000000d5b00000, 0x00000000d8580000, 0x0000000100000000)
  eden space 33280K, 0% used [0x00000000d5b00000,0x00000000d5b00000,0x00000000d7b80000)
  from space 5120K, 99% used [0x00000000d7b80000,0x00000000d807c268,0x00000000d8080000)
  to   space 5120K, 0% used [0x00000000d8080000,0x00000000d8080000,0x00000000d8580000)
 ParOldGen       total 87552K, used 717K [0x0000000081000000, 0x0000000086580000, 0x00000000d5b00000)
  object space 87552K, 0% used [0x0000000081000000,0x00000000810b3748,0x0000000086580000)
 Metaspace       used 18920K, capacity 19182K, committed 19328K, reserved 1067008K
  class space    used 2291K, capacity 2374K, committed 2432K, reserved 1048576K
}
Event: 21.340 GC heap before
{Heap before GC invocations=2 (full 0):
 PSYoungGen      total 38400K, used 38384K [0x00000000d5b00000, 0x00000000d8580000, 0x0000000100000000)
  eden space 33280K, 100% used [0x00000000d5b00000,0x00000000d7b80000,0x00000000d7b80000)
  from space 5120K, 99% used [0x00000000d7b80000,0x00000000d807c268,0x00000000d8080000)
  to   space 5120K, 0% used [0x00000000d8080000,0x00000000d8080000,0x00000000d8580000)
 ParOldGen       total 87552K, used 717K [0x0000000081000000, 0x0000000086580000, 0x00000000d5b00000)
  object space 87552K, 0% used [0x0000000081000000,0x00000000810b3748,0x0000000086580000)
 Metaspace       used 20461K, capacity 20692K, committed 20992K, reserved 1067008K
  class space    used 2408K, capacity 2471K, committed 2560K, reserved 1048576K
Event: 21.345 GC heap after
Heap after GC invocations=2 (full 0):
 PSYoungGen      total 38400K, used 4434K [0x00000000d5b00000, 0x00000000d8580000, 0x0000000100000000)
  eden space 33280K, 0% used [0x00000000d5b00000,0x00000000d5b00000,0x00000000d7b80000)
  from space 5120K, 86% used [0x00000000d8080000,0x00000000d84d4af0,0x00000000d8580000)
  to   space 5120K, 0% used [0x00000000d7b80000,0x00000000d7b80000,0x00000000d8080000)
 ParOldGen       total 87552K, used 725K [0x0000000081000000, 0x0000000086580000, 0x00000000d5b00000)
  object space 87552K, 0% used [0x0000000081000000,0x00000000810b5748,0x0000000086580000)
 Metaspace       used 20461K, capacity 20692K, committed 20992K, reserved 1067008K
  class space    used 2408K, capacity 2471K, committed 2560K, reserved 1048576K
}
Event: 21.459 GC heap before
{Heap before GC invocations=3 (full 0):
 PSYoungGen      total 38400K, used 17611K [0x00000000d5b00000, 0x00000000d8580000, 0x0000000100000000)
  eden space 33280K, 39% used [0x00000000d5b00000,0x00000000d67de1e8,0x00000000d7b80000)
  from space 5120K, 86% used [0x00000000d8080000,0x00000000d84d4af0,0x00000000d8580000)
  to   space 5120K, 0% used [0x00000000d7b80000,0x00000000d7b80000,0x00000000d8080000)
 ParOldGen       total 87552K, used 725K [0x0000000081000000, 0x0000000086580000, 0x00000000d5b00000)
  object space 87552K, 0% used [0x0000000081000000,0x00000000810b5748,0x0000000086580000)
 Metaspace       used 20941K, capacity 21172K, committed 21296K, reserved 1069056K
  class space    used 2484K, capacity 2567K, committed 2608K, reserved 1048576K
Event: 21.463 GC heap after
Heap after GC invocations=3 (full 0):
 PSYoungGen      total 38400K, used 4011K [0x00000000d5b00000, 0x00000000da600000, 0x0000000100000000)
  eden space 33280K, 0% used [0x00000000d5b00000,0x00000000d5b00000,0x00000000d7b80000)
  from space 5120K, 78% used [0x00000000d7b80000,0x00000000d7f6ad28,0x00000000d8080000)
  to   space 5120K, 0% used [0x00000000da100000,0x00000000da100000,0x00000000da600000)
 ParOldGen       total 87552K, used 733K [0x0000000081000000, 0x0000000086580000, 0x00000000d5b00000)
  object space 87552K, 0% used [0x0000000081000000,0x00000000810b7748,0x0000000086580000)
 Metaspace       used 20941K, capacity 21172K, committed 21296K, reserved 1069056K
  class space    used 2484K, capacity 2567K, committed 2608K, reserved 1048576K
}
Event: 21.463 GC heap before
{Heap before GC invocations=4 (full 1):
 PSYoungGen      total 38400K, used 4011K [0x00000000d5b00000, 0x00000000da600000, 0x0000000100000000)
  eden space 33280K, 0% used [0x00000000d5b00000,0x00000000d5b00000,0x00000000d7b80000)
  from space 5120K, 78% used [0x00000000d7b80000,0x00000000d7f6ad28,0x00000000d8080000)
  to   space 5120K, 0% used [0x00000000da100000,0x00000000da100000,0x00000000da600000)
 ParOldGen       total 87552K, used 733K [0x0000000081000000, 0x0000000086580000, 0x00000000d5b00000)
  object space 87552K, 0% used [0x0000000081000000,0x00000000810b7748,0x0000000086580000)
 Metaspace       used 20941K, capacity 21172K, committed 21296K, reserved 1069056K
  class space    used 2484K, capacity 2567K, committed 2608K, reserved 1048576K
Event: 21.485 GC heap after
Heap after GC invocations=4 (full 1):
 PSYoungGen      total 38400K, used 0K [0x00000000d5b00000, 0x00000000da600000, 0x0000000100000000)
  eden space 33280K, 0% used [0x00000000d5b00000,0x00000000d5b00000,0x00000000d7b80000)
  from space 5120K, 0% used [0x00000000d7b80000,0x00000000d7b80000,0x00000000d8080000)
  to   space 5120K, 0% used [0x00000000da100000,0x00000000da100000,0x00000000da600000)
 ParOldGen       total 41472K, used 3954K [0x0000000081000000, 0x0000000083880000, 0x00000000d5b00000)
  object space 41472K, 9% used [0x0000000081000000,0x00000000813dcbb0,0x0000000083880000)
 Metaspace       used 20941K, capacity 21172K, committed 21296K, reserved 1069056K
  class space    used 2484K, capacity 2567K, committed 2608K, reserved 1048576K
}

